<?xml version="1.0" encoding="UTF-8"?>
<!-- Generated by org.testng.reporters.JUnitReportReporter -->
<testsuite hostname="DESKTOP-GLL78GE" failures="0" tests="3" name="org.TestNG.practices.TestNGClassPractice1Test" time="0.035" errors="0" timestamp="18 Jul 2022 10:13:02 GMT">
  <testcase classname="org.TestNG.practices.TestNGClassPractice1Test" name="Test1" time="0.023"/>
  <testcase classname="org.TestNG.practices.TestNGClassPractice1Test" name="Test3" time="0.003"/>
  <testcase classname="org.TestNG.practices.TestNGClassPractice1Test" name="Test2" time="0.009"/>
</testsuite> <!-- org.TestNG.practices.TestNGClassPractice1Test -->
